<?xml version="1.0" encoding="UTF-8"?>
<!-- Generated by org.testng.reporters.JUnitReportReporter -->
<testsuite hostname="DESKTOP-IA0DLJF" name="com.pulse.Test.AddParticipant" tests="1" failures="0" timestamp="11 Feb 2019 09:20:24 GMT" time="281.239" errors="0">
  <testcase name="addparticipant" time="281.239" classname="com.pulse.Test.AddParticipant"/>
</testsuite> <!-- com.pulse.Test.AddParticipant -->
