<?xml version="1.0" encoding="UTF-8"?>
<!-- Generated by org.testng.reporters.JUnitReportReporter -->
<testsuite hostname="DESKTOP-IA0DLJF" name="com.pulse.Test.ValidLogin" tests="1" failures="0" timestamp="11 Feb 2019 09:20:25 GMT" time="189.396" errors="0">
  <testcase name="testValidLogin1" time="189.396" classname="com.pulse.Test.ValidLogin"/>
</testsuite> <!-- com.pulse.Test.ValidLogin -->
