<?xml version="1.0" encoding="UTF-8"?>
<!-- Generated by org.testng.reporters.JUnitReportReporter -->
<testsuite hostname="DESKTOP-IA0DLJF" name="generic.MoveFile" tests="1" failures="0" timestamp="10 Feb 2019 15:00:57 GMT" time="0.272" errors="0">
  <testcase name="MoveFileExample" time="0.272" classname="generic.MoveFile"/>
</testsuite> <!-- generic.MoveFile -->
